<?xml version="1.0" encoding="UTF-8"?>
<!-- Generated by org.testng.reporters.JUnitXMLReporter -->
<testsuite hostname="LAPTOP-P8JB6RV7" ignored="0" name="Regression 2" tests="1" failures="0" timestamp="13 May 2017 20:34:16 GMT" time="5.209" errors="0">
  <testcase name="@AfterClass afterClass" time="0.001" classname="AOF.BaseTest">
    <failure type="java.lang.NullPointerException">
      <![CDATA[java.lang.NullPointerException
	at AOF.BaseTest.afterClass(BaseTest.java:62)
	at java.util.concurrent.ThreadPoolExecutor.runWorker(ThreadPoolExecutor.java:1142)
	at java.util.concurrent.ThreadPoolExecutor$Worker.run(ThreadPoolExecutor.java:617)
	at java.lang.Thread.run(Thread.java:745)
... Removed 10 stack frames]]>
    </failure>
  </testcase> <!-- @AfterClass afterClass -->
  <testcase name="test_01" time="0.017" classname="AOF.TestParallel"/>
</testsuite> <!-- Regression 2 -->
