<?xml version="1.0" encoding="UTF-8"?>
<testng-results skipped="0" failed="0" ignored="0" total="1" passed="1">
  <reporter-output>
  </reporter-output>
  <suite name="Parallel test suite" duration-ms="5209" started-at="2017-05-13T20:34:11Z" finished-at="2017-05-13T20:34:16Z">
    <groups>
    </groups>
    <test name="Regression 2" duration-ms="5209" started-at="2017-05-13T20:34:11Z" finished-at="2017-05-13T20:34:16Z">
      <class name="AOF.TestParallel">
        <test-method status="PASS" signature="beforeClass(java.lang.String)[pri:0, instance:AOF.TestParallel@42dafa95]" name="beforeClass" is-config="true" duration-ms="5129" started-at="2017-05-14T02:04:11Z" finished-at="2017-05-14T02:04:16Z">
          <params>
            <param index="0">
              <value>
                <![CDATA[chrome]]>
              </value>
            </param>
          </params>
          <reporter-output>
          </reporter-output>
        </test-method> <!-- beforeClass -->
        <test-method status="PASS" signature="test_01()[pri:0, instance:AOF.TestParallel@42dafa95]" name="test_01" duration-ms="17" started-at="2017-05-14T02:04:16Z" finished-at="2017-05-14T02:04:16Z">
          <reporter-output>
          </reporter-output>
        </test-method> <!-- test_01 -->
        <test-method status="FAIL" signature="afterClass()[pri:0, instance:AOF.TestParallel@42dafa95]" name="afterClass" is-config="true" duration-ms="1" started-at="2017-05-14T02:04:16Z" finished-at="2017-05-14T02:04:16Z">
          <exception class="java.lang.NullPointerException">
            <full-stacktrace>
              <![CDATA[java.lang.NullPointerException
	at AOF.BaseTest.afterClass(BaseTest.java:62)
	at sun.reflect.NativeMethodAccessorImpl.invoke0(Native Method)
	at sun.reflect.NativeMethodAccessorImpl.invoke(NativeMethodAccessorImpl.java:62)
	at sun.reflect.DelegatingMethodAccessorImpl.invoke(DelegatingMethodAccessorImpl.java:43)
	at java.lang.reflect.Method.invoke(Method.java:498)
	at org.testng.internal.MethodInvocationHelper.invokeMethod(MethodInvocationHelper.java:108)
	at org.testng.internal.Invoker.invokeConfigurationMethod(Invoker.java:523)
	at org.testng.internal.Invoker.invokeConfigurations(Invoker.java:224)
	at org.testng.internal.Invoker.invokeConfigurations(Invoker.java:146)
	at org.testng.internal.TestMethodWorker.invokeAfterClassMethods(TestMethodWorker.java:212)
	at org.testng.internal.TestMethodWorker.run(TestMethodWorker.java:112)
	at java.util.concurrent.ThreadPoolExecutor.runWorker(ThreadPoolExecutor.java:1142)
	at java.util.concurrent.ThreadPoolExecutor$Worker.run(ThreadPoolExecutor.java:617)
	at java.lang.Thread.run(Thread.java:745)
]]>
            </full-stacktrace>
          </exception> <!-- java.lang.NullPointerException -->
          <reporter-output>
          </reporter-output>
        </test-method> <!-- afterClass -->
      </class> <!-- AOF.TestParallel -->
    </test> <!-- Regression 2 -->
  </suite> <!-- Parallel test suite -->
</testng-results>
